<?xml version="1.0" encoding="UTF-8"?>
<!-- Generated by org.testng.reporters.JUnitReportReporter -->
<testsuite hostname="neosoftlaptop" name="com.homepage.SearchField" tests="1" failures="0" timestamp="22 Jul 2016 14:15:04 GMT" time="125.707" errors="0">
  <testcase name="searchField" time="125.707" classname="com.homepage.SearchField"/>
</testsuite> <!-- com.homepage.SearchField -->
