<?xml version="1.0" encoding="UTF-8"?>
<!-- Generated by org.testng.reporters.JUnitReportReporter -->
<testsuite hostname="neosoftlaptop" name="com.homepage.Premium" tests="1" failures="0" timestamp="22 Jul 2016 11:49:49 GMT" time="62.457" errors="0">
  <testcase name="premium" time="62.457" classname="com.homepage.Premium"/>
</testsuite> <!-- com.homepage.Premium -->
