<?xml version="1.0" encoding="UTF-8"?>
<!-- Generated by org.testng.reporters.JUnitReportReporter -->
<testsuite hostname="neosoftlaptop" name="com.homepage.RegisterSignInAndContinue" tests="1" failures="0" timestamp="21 Jul 2016 07:39:24 GMT" time="126.612" errors="0">
  <testcase name="registerPageOnFirefoxAsContinue" time="126.612" classname="com.homepage.RegisterSignInAndContinue"/>
</testsuite> <!-- com.homepage.RegisterSignInAndContinue -->
