<?xml version="1.0" encoding="UTF-8"?>
<!-- Generated by org.testng.reporters.JUnitReportReporter -->
<testsuite hostname="neosoftlaptop" name="com.homepage.RegisterContinueAsGuest" tests="1" failures="0" timestamp="21 Jul 2016 07:39:24 GMT" time="106.864" errors="0">
  <testcase name="registerPageOnFirefoxAsGuest" time="106.864" classname="com.homepage.RegisterContinueAsGuest"/>
</testsuite> <!-- com.homepage.RegisterContinueAsGuest -->
