<?xml version="1.0" encoding="UTF-8"?>
<!-- Generated by org.testng.reporters.JUnitReportReporter -->
<testsuite hostname="neosoftlaptop" name="com.homepage.SeeAll" tests="1" failures="0" timestamp="21 Jul 2016 08:22:59 GMT" time="181.863" errors="0">
  <testcase name="seeAllClick" time="181.863" classname="com.homepage.SeeAll"/>
</testsuite> <!-- com.homepage.SeeAll -->
